<?xml version="1.0" encoding="UTF-8"?>
<!-- Generated by org.testng.reporters.JUnitReportReporter -->
<testsuite hostname="LAPTOP-53FBIKU8" failures="0" tests="1" name="com.revseed.testcases.LoginTestRevseed" time="6.704" errors="0" timestamp="2020-12-10T00:40:36 IST" skipped="0">
  <testcase classname="com.revseed.testcases.LoginTestRevseed" name="loginApp" time="6.704"/>
  <system-out/>
</testsuite> <!-- com.revseed.testcases.LoginTestRevseed -->
